Arguments: 
  /home/bobo/.nvm/versions/node/v6.9.1/bin/node /home/bobo/.nvm/versions/node/v6.9.1/bin/yarn add socket.io-client

PATH: 
  /home/bobo/.nvm/versions/node/v6.9.1/bin:/home/bobo/.local/share/umake/bin:/home/bobo/bin:/home/bobo/.local/bin:/home/bobo/.local/share/umake/bin:/home/bobo/bin:/home/bobo/.local/bin:/usr/local/sbin:/usr/local/bin:/usr/sbin:/usr/bin:/sbin:/bin:/usr/games:/usr/local/games

Yarn version: 
  1.0.2

Node version: 
  6.9.1

Platform: 
  linux x64

npm manifest: 
  {
    "name": "bnhcp",
    "version": "1.0.0",
    "description": "Nuxt.js project",
    "author": "guanbobo1 <weibo392@163.com>",
    "private": true,
    "dependencies": {
      "autocannon": "^0.16.5",
      "axios": "0.16.2",
      "backpack-core": "0.3.0",
      "cross-env": "5.0.1",
      "eslint-plugin-import": "2.3.0",
      "eslint-plugin-node": "5.0.0",
      "express": "4.15.3",
      "fs": "0.0.1-security",
      "mysql": "2.13.0",
      "nuxt": "v1.0.0-alpha.4",
      "redis": "^2.8.0",
      "socket.io": "^2.0.3",
      "source-map-support": "0.4.15",
      "vue-carousel": "0.6.4",
      "vue-slide": "1.1.1",
      "vue-socket.io": "^2.1.1-a"
    },
    "scripts": {
      "dev": "backpack dev",
      "build": "nuxt build",
      "start": "nuxt start",
      "generate": "nuxt generate",
      "lint": "eslint --ext .js,.vue --ignore-path .gitignore .",
      "precommit": "npm run lint"
    },
    "devDependencies": {
      "babel-eslint": "7.1.1",
      "body-parser": "1.17.2",
      "coffee-loader": "0.7.3",
      "coffee-script": "1.12.6",
      "eslint": "3.15.0",
      "eslint-config-standard": "6.2.1",
      "eslint-loader": "1.6.1",
      "eslint-plugin-html": "2.0.0",
      "eslint-plugin-promise": "3.4.1",
      "eslint-plugin-standard": "2.0.1",
      "node-sass": "4.5.3",
      "pug": "2.0.0-beta6",
      "pug-loader": "2.3.0",
      "sass-loader": "6.0.5",
      "vue-slide": "1.1.1"
    }
  }

yarn manifest: 
  No manifest

Lockfile: 
  No lockfile

Trace: 
  Error: https://registry.yarnpkg.com/autocannon: ETIMEDOUT
      at Timeout._onTimeout (/home/bobo/.nvm/versions/node/v6.9.1/lib/node_modules/yarn/lib/cli.js:118034:19)
      at ontimeout (timers.js:365:14)
      at tryOnTimeout (timers.js:237:5)
      at Timer.listOnTimeout (timers.js:207:5)
